<?xml version="1.0" encoding="UTF-8"?>
<!-- Generated by org.testng.reporters.JUnitXMLReporter -->
<testsuite ignored="1" hostname="ML-VenkateswaraG-PC" failures="4" tests="8" name="Test" time="1.878" errors="0" timestamp="30 Oct 2018 05:47:39 GMT">
  <testcase classname="com.UIFrameWork.Motivity.TestFrame.TestScripts.Test1" name="testLogin" time="0.031"/>
  <testcase classname="com.UIFrameWork.Motivity.TestFrame.TestScripts.Test1" name="testLogin1" time="0.0">
    <failure type="java.lang.AssertionError" message="expected [true] but found [false]">
      <![CDATA[java.lang.AssertionError: expected [true] but found [false]
at com.UIFrameWork.Motivity.TestFrame.HelpersClass.Assertion.AssertionHelper.makeFalse(AssertionHelper.java:28)
at com.UIFrameWork.Motivity.TestFrame.TestScripts.Test1.testLogin1(Test1.java:16)
... Removed 29 stack frames]]>
    </failure>
  </testcase> <!-- testLogin1 -->
  <testcase classname="com.UIFrameWork.Motivity.TestFrame.TestScripts.Test1" name="testLogin2" time="0.0"/>
  <testcase classname="com.UIFrameWork.Motivity.TestFrame.TestScripts.Test1" name="testLogin3" time="0.0">
    <failure type="java.lang.AssertionError" message="expected [true] but found [false]">
      <![CDATA[java.lang.AssertionError: expected [true] but found [false]
at com.UIFrameWork.Motivity.TestFrame.HelpersClass.Assertion.AssertionHelper.makeFalse(AssertionHelper.java:28)
at com.UIFrameWork.Motivity.TestFrame.TestScripts.Test1.testLogin3(Test1.java:26)
... Removed 29 stack frames]]>
    </failure>
  </testcase> <!-- testLogin3 -->
  <testcase classname="com.UIFrameWork.Motivity.TestFrame.TestScripts.Test2" name="testLogin" time="0.0"/>
  <testcase classname="com.UIFrameWork.Motivity.TestFrame.TestScripts.Test2" name="testLogin1" time="0.0">
    <failure type="java.lang.AssertionError" message="expected [true] but found [false]">
      <![CDATA[java.lang.AssertionError: expected [true] but found [false]
at com.UIFrameWork.Motivity.TestFrame.HelpersClass.Assertion.AssertionHelper.makeFalse(AssertionHelper.java:28)
at com.UIFrameWork.Motivity.TestFrame.TestScripts.Test2.testLogin1(Test2.java:16)
... Removed 29 stack frames]]>
    </failure>
  </testcase> <!-- testLogin1 -->
  <testcase classname="com.UIFrameWork.Motivity.TestFrame.TestScripts.Test2" name="testLogin2" time="0.0"/>
  <testcase classname="com.UIFrameWork.Motivity.TestFrame.TestScripts.Test2" name="testLogin3" time="0.0">
    <failure type="java.lang.AssertionError" message="expected [true] but found [false]">
      <![CDATA[java.lang.AssertionError: expected [true] but found [false]
at com.UIFrameWork.Motivity.TestFrame.HelpersClass.Assertion.AssertionHelper.makeFalse(AssertionHelper.java:28)
at com.UIFrameWork.Motivity.TestFrame.TestScripts.Test2.testLogin3(Test2.java:26)
... Removed 29 stack frames]]>
    </failure>
  </testcase> <!-- testLogin3 -->
  <testcase classname="com.UIFrameWork.Motivity.TestFrame.TestBase.TestBase" name="@BeforeSuite beforeSuite" time="0.0">
    <ignored/>
  </testcase> <!-- @BeforeSuite beforeSuite -->
</testsuite> <!-- Test -->
