<?xml version="1.0" encoding="UTF-8"?>
<!-- Generated by org.testng.reporters.JUnitXMLReporter -->
<testsuite ignored="0" hostname="ML-VenkateswaraG-PC" failures="1" tests="1" name="C" time="0.016" errors="0" timestamp="30 Oct 2018 10:57:47 GMT">
  <testcase classname="com.UIFrameWork.C" name="testLogin" time="0.0">
    <failure type="java.lang.AssertionError" message="expected [true] but found [false]">
      <![CDATA[java.lang.AssertionError: expected [true] but found [false]
at com.UIFrameWork.C.testLogin(C.java:11)
... Removed 29 stack frames]]>
    </failure>
  </testcase> <!-- testLogin -->
</testsuite> <!-- C -->
